<?xml version="1.0" encoding="UTF-8"?>
<!-- Generated by org.testng.reporters.JUnitReportReporter -->
<testsuite hostname="LAPTOP-H4C68UEH" failures="0" tests="1" name="com.crm.Enzigma.loginPageVlidation" time="0.632" errors="0" timestamp="2025-01-11T19:03:14 IST" skipped="0">
  <testcase classname="com.crm.Enzigma.loginPageVlidation" name="loginpage" time="0.632"/>
</testsuite> <!-- com.crm.Enzigma.loginPageVlidation -->
