<?xml version="1.0" encoding="UTF-8"?>
<!-- Generated by org.testng.reporters.JUnitReportReporter -->
<testsuite hostname="LAPTOP-H4C68UEH" failures="0" tests="1" name="signuppage.specialcharacter" time="0.725" errors="0" timestamp="2025-01-12T14:26:56 IST" skipped="0">
  <testcase classname="signuppage.specialcharacter" name="specialcharacter" time="0.725"/>
</testsuite> <!-- signuppage.specialcharacter -->
