<?xml version="1.0" encoding="UTF-8"?>
<!-- Generated by org.testng.reporters.JUnitReportReporter -->
<testsuite hostname="LAPTOP-H4C68UEH" failures="0" tests="1" name="forgotpassword.InvalidEmailFormat" time="0.540" errors="0" timestamp="2025-01-12T12:14:29 IST" skipped="0">
  <testcase classname="forgotpassword.InvalidEmailFormat" name="invalidemail" time="0.540"/>
</testsuite> <!-- forgotpassword.InvalidEmailFormat -->
