<?xml version="1.0" encoding="UTF-8"?>
<!-- Generated by org.testng.reporters.JUnitReportReporter -->
<testsuite hostname="LAPTOP-H4C68UEH" failures="0" tests="1" name="com.crm.Enzigma.signUpPageValidation" time="0.825" errors="0" timestamp="2025-01-11T19:53:07 IST" skipped="0">
  <testcase classname="com.crm.Enzigma.signUpPageValidation" name="signup" time="0.825"/>
</testsuite> <!-- com.crm.Enzigma.signUpPageValidation -->
