<?xml version="1.0" encoding="UTF-8"?>
<!-- Generated by org.testng.reporters.JUnitReportReporter -->
<testsuite hostname="LAPTOP-H4C68UEH" failures="0" tests="1" name="com.crm.Enzigma.ForgotPasswordValidation" time="0.578" errors="0" timestamp="2025-01-11T20:15:54 IST" skipped="0">
  <testcase classname="com.crm.Enzigma.ForgotPasswordValidation" name="forgotpassword" time="0.578"/>
</testsuite> <!-- com.crm.Enzigma.ForgotPasswordValidation -->
