<?xml version="1.0" encoding="UTF-8"?>
<!-- Generated by org.testng.reporters.JUnitReportReporter -->
<testsuite hostname="LAPTOP-H4C68UEH" failures="0" tests="1" name="forgotpassword.forgotPasswordVlidation" time="0.536" errors="0" timestamp="2025-01-13T12:43:31 IST" skipped="0">
  <testcase classname="forgotpassword.forgotPasswordVlidation" name="forgotpassword" time="0.536"/>
</testsuite> <!-- forgotpassword.forgotPasswordVlidation -->
