<?xml version="1.0" encoding="UTF-8"?>
<!-- Generated by org.testng.reporters.JUnitReportReporter -->
<testsuite hostname="LAPTOP-H4C68UEH" failures="0" tests="1" name="com.crm.Enzigma.BasicScript" time="0.161" errors="0" timestamp="2025-01-11T18:49:39 IST" skipped="0">
  <testcase classname="com.crm.Enzigma.BasicScript" name="navigatetourl" time="0.161"/>
</testsuite> <!-- com.crm.Enzigma.BasicScript -->
