<?xml version="1.0" encoding="UTF-8"?>
<!-- Generated by org.testng.reporters.JUnitReportReporter -->
<testsuite hostname="LAPTOP-H4C68UEH" failures="0" tests="1" name="signuppage.validInput" time="0.882" errors="0" timestamp="2025-01-13T11:52:08 IST" skipped="0">
  <testcase classname="signuppage.validInput" name="validinput" time="0.882"/>
</testsuite> <!-- signuppage.validInput -->
