<?xml version="1.0" encoding="UTF-8"?>
<!-- Generated by org.testng.reporters.JUnitReportReporter -->
<testsuite hostname="LAPTOP-H4C68UEH" failures="0" tests="1" name="BasicScript.basicscript" time="0.005" errors="0" timestamp="2025-01-12T10:30:35 IST" skipped="0">
  <testcase classname="BasicScript.basicscript" name="navigatetourl" time="0.005"/>
</testsuite> <!-- BasicScript.basicscript -->
