<?xml version="1.0" encoding="UTF-8"?>
<!-- Generated by org.testng.reporters.JUnitReportReporter -->
<testsuite hostname="LAPTOP-H4C68UEH" failures="0" tests="1" name="forgotpassword.NonRegisterEmail" time="0.436" errors="0" timestamp="2025-01-12T12:05:25 IST" skipped="0">
  <testcase classname="forgotpassword.NonRegisterEmail" name="Nonregister" time="0.436"/>
</testsuite> <!-- forgotpassword.NonRegisterEmail -->
