<?xml version="1.0" encoding="UTF-8"?>
<!-- Generated by org.testng.reporters.JUnitReportReporter -->
<testsuite hostname="LAPTOP-H4C68UEH" failures="0" tests="1" name="signuppage.invalidinput" time="0.688" errors="0" timestamp="2025-01-12T14:20:04 IST" skipped="0">
  <testcase classname="signuppage.invalidinput" name="invalidinput" time="0.688"/>
</testsuite> <!-- signuppage.invalidinput -->
