<?xml version="1.0" encoding="UTF-8"?>
<!-- Generated by org.testng.reporters.JUnitReportReporter -->
<testsuite hostname="LAPTOP-H4C68UEH" failures="0" tests="1" name="signuppage.Checkformandatoryfields" time="0.663" errors="0" timestamp="2025-01-13T09:23:36 IST" skipped="0">
  <testcase classname="signuppage.Checkformandatoryfields" name="mandatoryfield" time="0.663"/>
</testsuite> <!-- signuppage.Checkformandatoryfields -->
