<?xml version="1.0" encoding="UTF-8"?>
<!-- Generated by org.testng.reporters.JUnitReportReporter -->
<testsuite hostname="LAPTOP-H4C68UEH" failures="0" tests="1" name="signuppage.blanktextfield" time="1.260" errors="0" timestamp="2025-01-12T14:22:46 IST" skipped="0">
  <testcase classname="signuppage.blanktextfield" name="blankfield" time="1.260"/>
</testsuite> <!-- signuppage.blanktextfield -->
