<?xml version="1.0" encoding="UTF-8"?>
<!-- Generated by org.testng.reporters.JUnitReportReporter -->
<testsuite hostname="LAPTOP-H4C68UEH" failures="0" tests="1" name="forgotpassword.Blankemailfield" time="0.422" errors="0" timestamp="2025-01-12T12:09:35 IST" skipped="0">
  <testcase classname="forgotpassword.Blankemailfield" name="blacnkemailfield" time="0.422"/>
</testsuite> <!-- forgotpassword.Blankemailfield -->
