<?xml version="1.0" encoding="UTF-8"?>
<!-- Generated by org.testng.reporters.JUnitReportReporter -->
<testsuite hostname="LAPTOP-H4C68UEH" failures="0" tests="1" name="signuppage.OTPValidation" time="35.113" errors="0" timestamp="2025-01-13T12:25:55 IST" skipped="0">
  <testcase classname="signuppage.OTPValidation" name="otp" time="35.113"/>
</testsuite> <!-- signuppage.OTPValidation -->
