<?xml version="1.0" encoding="UTF-8"?>
<!-- Generated by org.testng.reporters.JUnitReportReporter -->
<testsuite hostname="LAPTOP-H4C68UEH" failures="0" tests="1" name="loginpage.VerifyMandatoryFieldUsernameAndPasswrod" time="0.359" errors="0" timestamp="2025-01-13T09:11:58 IST" skipped="0">
  <testcase classname="loginpage.VerifyMandatoryFieldUsernameAndPasswrod" name="mandatoryfield" time="0.359"/>
</testsuite> <!-- loginpage.VerifyMandatoryFieldUsernameAndPasswrod -->
