<?xml version="1.0" encoding="UTF-8"?>
<!-- Generated by org.testng.reporters.JUnitReportReporter -->
<testsuite hostname="LAPTOP-H4C68UEH" failures="0" tests="1" name="loginpage.IncorrectCredentitals" time="0.288" errors="0" timestamp="2025-01-12T10:19:50 IST" skipped="0">
  <testcase classname="loginpage.IncorrectCredentitals" name="incorrectdata" time="0.288"/>
</testsuite> <!-- loginpage.IncorrectCredentitals -->
