<?xml version="1.0" encoding="UTF-8"?>
<!-- Generated by org.testng.reporters.JUnitReportReporter -->
<testsuite hostname="LAPTOP-H4C68UEH" failures="0" tests="1" name="loginpage.BlankField" time="0.209" errors="0" timestamp="2025-01-12T10:05:52 IST" skipped="0">
  <testcase classname="loginpage.BlankField" name="Blankfield" time="0.209"/>
</testsuite> <!-- loginpage.BlankField -->
