<?xml version="1.0" encoding="UTF-8"?>
<!-- Generated by org.testng.reporters.JUnitReportReporter -->
<testsuite hostname="LAPTOP-H4C68UEH" failures="0" tests="1" name="forgotpassword.VisitForgotPasswordPage" time="0.103" errors="0" timestamp="2025-01-12T10:38:11 IST" skipped="0">
  <testcase classname="forgotpassword.VisitForgotPasswordPage" name="forgotpasswordpage" time="0.103"/>
</testsuite> <!-- forgotpassword.VisitForgotPasswordPage -->
