<?xml version="1.0" encoding="UTF-8"?>
<!-- Generated by org.testng.reporters.JUnitReportReporter -->
<testsuite hostname="LAPTOP-H4C68UEH" failures="0" tests="1" name="loginpage.SpecialCharacters" time="0.286" errors="0" timestamp="2025-01-12T10:24:03 IST" skipped="0">
  <testcase classname="loginpage.SpecialCharacters" name="specialcharacters" time="0.286"/>
</testsuite> <!-- loginpage.SpecialCharacters -->
