<?xml version="1.0" encoding="UTF-8"?>
<!-- Generated by org.testng.reporters.JUnitReportReporter -->
<testsuite hostname="LAPTOP-H4C68UEH" failures="0" tests="1" name="loginpage.loginpagevalidation" time="0.528" errors="0" timestamp="2025-01-13T12:41:58 IST" skipped="0">
  <testcase classname="loginpage.loginpagevalidation" name="loginpage" time="0.528"/>
</testsuite> <!-- loginpage.loginpagevalidation -->
