<?xml version="1.0" encoding="UTF-8"?>
<!-- Generated by org.testng.reporters.JUnitReportReporter -->
<testsuite hostname="LAPTOP-H4C68UEH" failures="0" tests="1" name="signuppage.visitSignupPage" time="0.258" errors="0" timestamp="2025-01-13T09:00:11 IST" skipped="0">
  <testcase classname="signuppage.visitSignupPage" name="signuppage" time="0.258"/>
</testsuite> <!-- signuppage.visitSignupPage -->
