<?xml version="1.0" encoding="UTF-8"?>
<!-- Generated by org.testng.reporters.JUnitReportReporter -->
<testsuite hostname="LAPTOP-H4C68UEH" failures="0" tests="1" name="signuppage.CheckFirstnameLastnamePasswordAndCofirmPasswordTesfield" time="24.554" errors="0" timestamp="2025-01-13T12:39:18 IST" skipped="0">
  <testcase classname="signuppage.CheckFirstnameLastnamePasswordAndCofirmPasswordTesfield" name="signuptextfield" time="24.554"/>
</testsuite> <!-- signuppage.CheckFirstnameLastnamePasswordAndCofirmPasswordTesfield -->
