<?xml version="1.0" encoding="UTF-8"?>
<!-- Generated by org.testng.reporters.JUnitReportReporter -->
<testsuite hostname="LAPTOP-H4C68UEH" failures="0" tests="1" name="forgotpassword.CheckForMandatoryField" time="0.418" errors="0" timestamp="2025-01-13T09:18:43 IST" skipped="0">
  <testcase classname="forgotpassword.CheckForMandatoryField" name="mandatoryfield" time="0.418"/>
</testsuite> <!-- forgotpassword.CheckForMandatoryField -->
